This file contains any messages produced by compilers while
running configure, to aid debugging if configure makes a mistake.

It was created by configure, which was
generated by GNU Autoconf 2.61.  Invocation command line was

  $ ./configure 

## --------- ##
## Platform. ##
## --------- ##

hostname = ubuntu
uname -m = x86_64
uname -r = 3.16.0-30-generic
uname -s = Linux
uname -v = #40~14.04.1-Ubuntu SMP Thu Jan 15 17:43:14 UTC 2015

/usr/bin/uname -p = unknown
/bin/uname -X     = unknown

/bin/arch              = unknown
/usr/bin/arch -k       = unknown
/usr/convex/getsysinfo = unknown
/usr/bin/hostinfo      = unknown
/bin/machine           = unknown
/usr/bin/oslevel       = unknown
/bin/universe          = unknown

PATH: /usr/local/sbin
PATH: /usr/local/bin
PATH: /usr/sbin
PATH: /usr/bin
PATH: /sbin
PATH: /bin
PATH: /usr/games
PATH: /usr/local/games


## ----------- ##
## Core tests. ##
## ----------- ##

configure:2037: checking for a BSD-compatible install
configure:2093: result: /usr/bin/install -c
configure:2104: checking whether build environment is sane
configure:2147: result: yes
configure:2175: checking for a thread-safe mkdir -p
configure:2214: result: /bin/mkdir -p
configure:2227: checking for gawk
configure:2243: found /usr/bin/gawk
configure:2254: result: gawk
configure:2265: checking whether make sets $(MAKE)
configure:2286: result: yes
configure:2491: checking whether to enable maintainer-specific portions of Makefiles
configure:2500: result: no
configure:2525: checking for style of include used by make
configure:2553: result: GNU
configure:2623: checking for gcc
configure:2639: found /usr/bin/gcc
configure:2650: result: gcc
configure:2888: checking for C compiler version
configure:2895: gcc --version >&5
gcc (Ubuntu 4.8.4-2ubuntu1~14.04) 4.8.4
Copyright (C) 2013 Free Software Foundation, Inc.
This is free software; see the source for copying conditions.  There is NO
warranty; not even for MERCHANTABILITY or FITNESS FOR A PARTICULAR PURPOSE.

configure:2898: $? = 0
configure:2905: gcc -v >&5
Using built-in specs.
COLLECT_GCC=gcc
COLLECT_LTO_WRAPPER=/usr/lib/gcc/x86_64-linux-gnu/4.8/lto-wrapper
Target: x86_64-linux-gnu
Configured with: ../src/configure -v --with-pkgversion='Ubuntu 4.8.4-2ubuntu1~14.04' --with-bugurl=file:///usr/share/doc/gcc-4.8/README.Bugs --enable-languages=c,c++,java,go,d,fortran,objc,obj-c++ --prefix=/usr --program-suffix=-4.8 --enable-shared --enable-linker-build-id --libexecdir=/usr/lib --without-included-gettext --enable-threads=posix --with-gxx-include-dir=/usr/include/c++/4.8 --libdir=/usr/lib --enable-nls --with-sysroot=/ --enable-clocale=gnu --enable-libstdcxx-debug --enable-libstdcxx-time=yes --enable-gnu-unique-object --disable-libmudflap --enable-plugin --with-system-zlib --disable-browser-plugin --enable-java-awt=gtk --enable-gtk-cairo --with-java-home=/usr/lib/jvm/java-1.5.0-gcj-4.8-amd64/jre --enable-java-home --with-jvm-root-dir=/usr/lib/jvm/java-1.5.0-gcj-4.8-amd64 --with-jvm-jar-dir=/usr/lib/jvm-exports/java-1.5.0-gcj-4.8-amd64 --with-arch-directory=amd64 --with-ecj-jar=/usr/share/java/eclipse-ecj.jar --enable-objc-gc --enable-multiarch --disable-werror --with-arch-32=i686 --with-abi=m64 --with-multilib-list=m32,m64,mx32 --with-tune=generic --enable-checking=release --build=x86_64-linux-gnu --host=x86_64-linux-gnu --target=x86_64-linux-gnu
Thread model: posix
gcc version 4.8.4 (Ubuntu 4.8.4-2ubuntu1~14.04) 
configure:2908: $? = 0
configure:2915: gcc -V >&5
gcc: error: unrecognized command line option '-V'
gcc: fatal error: no input files
compilation terminated.
configure:2918: $? = 4
configure:2941: checking for C compiler default output file name
configure:2968: gcc    conftest.c  >&5
configure:2971: $? = 0
configure:3009: result: a.out
configure:3026: checking whether the C compiler works
configure:3036: ./a.out
configure:3039: $? = 0
configure:3056: result: yes
configure:3063: checking whether we are cross compiling
configure:3065: result: no
configure:3068: checking for suffix of executables
configure:3075: gcc -o conftest    conftest.c  >&5
configure:3078: $? = 0
configure:3102: result: 
configure:3108: checking for suffix of object files
configure:3134: gcc -c   conftest.c >&5
configure:3137: $? = 0
configure:3160: result: o
configure:3164: checking whether we are using the GNU C compiler
configure:3193: gcc -c   conftest.c >&5
configure:3199: $? = 0
configure:3216: result: yes
configure:3221: checking whether gcc accepts -g
configure:3251: gcc -c -g  conftest.c >&5
configure:3257: $? = 0
configure:3356: result: yes
configure:3373: checking for gcc option to accept ISO C89
configure:3447: gcc  -c -g -O2  conftest.c >&5
configure:3453: $? = 0
configure:3476: result: none needed
configure:3496: checking dependency style of gcc
configure:3587: result: gcc3
configure:3648: checking for ranlib
configure:3664: found /usr/bin/ranlib
configure:3675: result: ranlib
configure:3708: checking for bison
configure:3724: found /usr/local/bin/bison
configure:3735: result: bison
configure:3758: checking for flex
configure:3774: found /usr/local/bin/flex
configure:3785: result: flex
configure:3846: checking for gcc
configure:3873: result: gcc
configure:4111: checking for C compiler version
configure:4118: gcc --version >&5
gcc (Ubuntu 4.8.4-2ubuntu1~14.04) 4.8.4
Copyright (C) 2013 Free Software Foundation, Inc.
This is free software; see the source for copying conditions.  There is NO
warranty; not even for MERCHANTABILITY or FITNESS FOR A PARTICULAR PURPOSE.

configure:4121: $? = 0
configure:4128: gcc -v >&5
Using built-in specs.
COLLECT_GCC=gcc
COLLECT_LTO_WRAPPER=/usr/lib/gcc/x86_64-linux-gnu/4.8/lto-wrapper
Target: x86_64-linux-gnu
Configured with: ../src/configure -v --with-pkgversion='Ubuntu 4.8.4-2ubuntu1~14.04' --with-bugurl=file:///usr/share/doc/gcc-4.8/README.Bugs --enable-languages=c,c++,java,go,d,fortran,objc,obj-c++ --prefix=/usr --program-suffix=-4.8 --enable-shared --enable-linker-build-id --libexecdir=/usr/lib --without-included-gettext --enable-threads=posix --with-gxx-include-dir=/usr/include/c++/4.8 --libdir=/usr/lib --enable-nls --with-sysroot=/ --enable-clocale=gnu --enable-libstdcxx-debug --enable-libstdcxx-time=yes --enable-gnu-unique-object --disable-libmudflap --enable-plugin --with-system-zlib --disable-browser-plugin --enable-java-awt=gtk --enable-gtk-cairo --with-java-home=/usr/lib/jvm/java-1.5.0-gcj-4.8-amd64/jre --enable-java-home --with-jvm-root-dir=/usr/lib/jvm/java-1.5.0-gcj-4.8-amd64 --with-jvm-jar-dir=/usr/lib/jvm-exports/java-1.5.0-gcj-4.8-amd64 --with-arch-directory=amd64 --with-ecj-jar=/usr/share/java/eclipse-ecj.jar --enable-objc-gc --enable-multiarch --disable-werror --with-arch-32=i686 --with-abi=m64 --with-multilib-list=m32,m64,mx32 --with-tune=generic --enable-checking=release --build=x86_64-linux-gnu --host=x86_64-linux-gnu --target=x86_64-linux-gnu
Thread model: posix
gcc version 4.8.4 (Ubuntu 4.8.4-2ubuntu1~14.04) 
configure:4131: $? = 0
configure:4138: gcc -V >&5
gcc: error: unrecognized command line option '-V'
gcc: fatal error: no input files
compilation terminated.
configure:4141: $? = 4
configure:4144: checking whether we are using the GNU C compiler
configure:4196: result: yes
configure:4201: checking whether gcc accepts -g
configure:4336: result: yes
configure:4353: checking for gcc option to accept ISO C89
configure:4456: result: none needed
configure:4476: checking dependency style of gcc
configure:4567: result: gcc3
configure:4660: checking build system type
configure:4678: result: x86_64-unknown-linux-gnu
configure:4700: checking host system type
configure:4715: result: x86_64-unknown-linux-gnu
configure:4737: checking for a sed that does not truncate output
configure:4793: result: /bin/sed
configure:4796: checking for grep that handles long lines and -e
configure:4870: result: /bin/grep
configure:4875: checking for egrep
configure:4953: result: /bin/grep -E
configure:4969: checking for ld used by gcc
configure:5036: result: /usr/bin/ld
configure:5045: checking if the linker (/usr/bin/ld) is GNU ld
configure:5060: result: yes
configure:5065: checking for /usr/bin/ld option to reload object files
configure:5072: result: -r
configure:5090: checking for BSD-compatible nm
configure:5139: result: /usr/bin/nm -B
configure:5143: checking whether ln -s works
configure:5147: result: yes
configure:5154: checking how to recognise dependent libraries
configure:5330: result: pass_all
configure:5418: gcc -c -g -O2  conftest.c >&5
configure:5421: $? = 0
configure:5564: checking how to run the C preprocessor
configure:5604: gcc -E  conftest.c
configure:5610: $? = 0
configure:5641: gcc -E  conftest.c
conftest.c:10:28: fatal error: ac_nonexistent.h: No such file or directory
 #include <ac_nonexistent.h>
                            ^
compilation terminated.
configure:5647: $? = 1
configure: failed program was:
| /* confdefs.h.  */
| #define PACKAGE_NAME ""
| #define PACKAGE_TARNAME ""
| #define PACKAGE_VERSION ""
| #define PACKAGE_STRING ""
| #define PACKAGE_BUGREPORT ""
| #define PACKAGE "snort"
| #define VERSION "2.8.3.1"
| /* end confdefs.h.  */
| #include <ac_nonexistent.h>
configure:5680: result: gcc -E
configure:5709: gcc -E  conftest.c
configure:5715: $? = 0
configure:5746: gcc -E  conftest.c
conftest.c:10:28: fatal error: ac_nonexistent.h: No such file or directory
 #include <ac_nonexistent.h>
                            ^
compilation terminated.
configure:5752: $? = 1
configure: failed program was:
| /* confdefs.h.  */
| #define PACKAGE_NAME ""
| #define PACKAGE_TARNAME ""
| #define PACKAGE_VERSION ""
| #define PACKAGE_STRING ""
| #define PACKAGE_BUGREPORT ""
| #define PACKAGE "snort"
| #define VERSION "2.8.3.1"
| /* end confdefs.h.  */
| #include <ac_nonexistent.h>
configure:5790: checking for ANSI C header files
configure:5820: gcc -c -g -O2  conftest.c >&5
configure:5826: $? = 0
configure:5925: gcc -o conftest -g -O2   conftest.c  >&5
configure:5928: $? = 0
configure:5934: ./conftest
configure:5937: $? = 0
configure:5954: result: yes
configure:5978: checking for sys/types.h
configure:5999: gcc -c -g -O2  conftest.c >&5
configure:6005: $? = 0
configure:6021: result: yes
configure:5978: checking for sys/stat.h
configure:5999: gcc -c -g -O2  conftest.c >&5
configure:6005: $? = 0
configure:6021: result: yes
configure:5978: checking for stdlib.h
configure:5999: gcc -c -g -O2  conftest.c >&5
configure:6005: $? = 0
configure:6021: result: yes
configure:5978: checking for string.h
configure:5999: gcc -c -g -O2  conftest.c >&5
configure:6005: $? = 0
configure:6021: result: yes
configure:5978: checking for memory.h
configure:5999: gcc -c -g -O2  conftest.c >&5
configure:6005: $? = 0
configure:6021: result: yes
configure:5978: checking for strings.h
configure:5999: gcc -c -g -O2  conftest.c >&5
configure:6005: $? = 0
configure:6021: result: yes
configure:5978: checking for inttypes.h
configure:5999: gcc -c -g -O2  conftest.c >&5
configure:6005: $? = 0
configure:6021: result: yes
configure:5978: checking for stdint.h
configure:5999: gcc -c -g -O2  conftest.c >&5
configure:6005: $? = 0
configure:6021: result: yes
configure:5978: checking for unistd.h
configure:5999: gcc -c -g -O2  conftest.c >&5
configure:6005: $? = 0
configure:6021: result: yes
configure:6048: checking dlfcn.h usability
configure:6065: gcc -c -g -O2  conftest.c >&5
configure:6071: $? = 0
configure:6085: result: yes
configure:6089: checking dlfcn.h presence
configure:6104: gcc -E  conftest.c
configure:6110: $? = 0
configure:6124: result: yes
configure:6152: checking for dlfcn.h
configure:6160: result: yes
configure:6231: checking for g++
configure:6247: found /usr/bin/g++
configure:6258: result: g++
configure:6289: checking for C++ compiler version
configure:6296: g++ --version >&5
g++ (Ubuntu 4.8.4-2ubuntu1~14.04) 4.8.4
Copyright (C) 2013 Free Software Foundation, Inc.
This is free software; see the source for copying conditions.  There is NO
warranty; not even for MERCHANTABILITY or FITNESS FOR A PARTICULAR PURPOSE.

configure:6299: $? = 0
configure:6306: g++ -v >&5
Using built-in specs.
COLLECT_GCC=g++
COLLECT_LTO_WRAPPER=/usr/lib/gcc/x86_64-linux-gnu/4.8/lto-wrapper
Target: x86_64-linux-gnu
Configured with: ../src/configure -v --with-pkgversion='Ubuntu 4.8.4-2ubuntu1~14.04' --with-bugurl=file:///usr/share/doc/gcc-4.8/README.Bugs --enable-languages=c,c++,java,go,d,fortran,objc,obj-c++ --prefix=/usr --program-suffix=-4.8 --enable-shared --enable-linker-build-id --libexecdir=/usr/lib --without-included-gettext --enable-threads=posix --with-gxx-include-dir=/usr/include/c++/4.8 --libdir=/usr/lib --enable-nls --with-sysroot=/ --enable-clocale=gnu --enable-libstdcxx-debug --enable-libstdcxx-time=yes --enable-gnu-unique-object --disable-libmudflap --enable-plugin --with-system-zlib --disable-browser-plugin --enable-java-awt=gtk --enable-gtk-cairo --with-java-home=/usr/lib/jvm/java-1.5.0-gcj-4.8-amd64/jre --enable-java-home --with-jvm-root-dir=/usr/lib/jvm/java-1.5.0-gcj-4.8-amd64 --with-jvm-jar-dir=/usr/lib/jvm-exports/java-1.5.0-gcj-4.8-amd64 --with-arch-directory=amd64 --with-ecj-jar=/usr/share/java/eclipse-ecj.jar --enable-objc-gc --enable-multiarch --disable-werror --with-arch-32=i686 --with-abi=m64 --with-multilib-list=m32,m64,mx32 --with-tune=generic --enable-checking=release --build=x86_64-linux-gnu --host=x86_64-linux-gnu --target=x86_64-linux-gnu
Thread model: posix
gcc version 4.8.4 (Ubuntu 4.8.4-2ubuntu1~14.04) 
configure:6309: $? = 0
configure:6316: g++ -V >&5
g++: error: unrecognized command line option '-V'
g++: fatal error: no input files
compilation terminated.
configure:6319: $? = 4
configure:6322: checking whether we are using the GNU C++ compiler
configure:6351: g++ -c   conftest.cpp >&5
configure:6357: $? = 0
configure:6374: result: yes
configure:6379: checking whether g++ accepts -g
configure:6409: g++ -c -g  conftest.cpp >&5
configure:6415: $? = 0
configure:6514: result: yes
configure:6539: checking dependency style of g++
configure:6630: result: gcc3
configure:6655: checking how to run the C++ preprocessor
configure:6691: g++ -E  conftest.cpp
configure:6697: $? = 0
configure:6728: g++ -E  conftest.cpp
conftest.cpp:21:28: fatal error: ac_nonexistent.h: No such file or directory
 #include <ac_nonexistent.h>
                            ^
compilation terminated.
configure:6734: $? = 1
configure: failed program was:
| /* confdefs.h.  */
| #define PACKAGE_NAME ""
| #define PACKAGE_TARNAME ""
| #define PACKAGE_VERSION ""
| #define PACKAGE_STRING ""
| #define PACKAGE_BUGREPORT ""
| #define PACKAGE "snort"
| #define VERSION "2.8.3.1"
| #define STDC_HEADERS 1
| #define HAVE_SYS_TYPES_H 1
| #define HAVE_SYS_STAT_H 1
| #define HAVE_STDLIB_H 1
| #define HAVE_STRING_H 1
| #define HAVE_MEMORY_H 1
| #define HAVE_STRINGS_H 1
| #define HAVE_INTTYPES_H 1
| #define HAVE_STDINT_H 1
| #define HAVE_UNISTD_H 1
| #define HAVE_DLFCN_H 1
| /* end confdefs.h.  */
| #include <ac_nonexistent.h>
configure:6767: result: g++ -E
configure:6796: g++ -E  conftest.cpp
configure:6802: $? = 0
configure:6833: g++ -E  conftest.cpp
conftest.cpp:21:28: fatal error: ac_nonexistent.h: No such file or directory
 #include <ac_nonexistent.h>
                            ^
compilation terminated.
configure:6839: $? = 1
configure: failed program was:
| /* confdefs.h.  */
| #define PACKAGE_NAME ""
| #define PACKAGE_TARNAME ""
| #define PACKAGE_VERSION ""
| #define PACKAGE_STRING ""
| #define PACKAGE_BUGREPORT ""
| #define PACKAGE "snort"
| #define VERSION "2.8.3.1"
| #define STDC_HEADERS 1
| #define HAVE_SYS_TYPES_H 1
| #define HAVE_SYS_STAT_H 1
| #define HAVE_STDLIB_H 1
| #define HAVE_STRING_H 1
| #define HAVE_MEMORY_H 1
| #define HAVE_STRINGS_H 1
| #define HAVE_INTTYPES_H 1
| #define HAVE_STDINT_H 1
| #define HAVE_UNISTD_H 1
| #define HAVE_DLFCN_H 1
| /* end confdefs.h.  */
| #include <ac_nonexistent.h>
configure:6932: checking for g77
configure:6962: result: no
configure:6932: checking for xlf
configure:6962: result: no
configure:6932: checking for f77
configure:6962: result: no
configure:6932: checking for frt
configure:6962: result: no
configure:6932: checking for pgf77
configure:6962: result: no
configure:6932: checking for cf77
configure:6962: result: no
configure:6932: checking for fort77
configure:6962: result: no
configure:6932: checking for fl32
configure:6962: result: no
configure:6932: checking for af77
configure:6962: result: no
configure:6932: checking for xlf90
configure:6962: result: no
configure:6932: checking for f90
configure:6962: result: no
configure:6932: checking for pgf90
configure:6962: result: no
configure:6932: checking for pghpf
configure:6962: result: no
configure:6932: checking for epcf90
configure:6962: result: no
configure:6932: checking for gfortran
configure:6962: result: no
configure:6932: checking for g95
configure:6962: result: no
configure:6932: checking for xlf95
configure:6962: result: no
configure:6932: checking for f95
configure:6962: result: no
configure:6932: checking for fort
configure:6962: result: no
configure:6932: checking for ifort
configure:6962: result: no
configure:6932: checking for ifc
configure:6962: result: no
configure:6932: checking for efc
configure:6962: result: no
configure:6932: checking for pgf95
configure:6962: result: no
configure:6932: checking for lf95
configure:6962: result: no
configure:6932: checking for ftn
configure:6962: result: no
configure:6989: checking for Fortran 77 compiler version
configure:6996:  --version >&5
./configure: line 6997: --version: command not found
configure:6999: $? = 127
configure:7006:  -v >&5
./configure: line 7007: -v: command not found
configure:7009: $? = 127
configure:7016:  -V >&5
./configure: line 7017: -V: command not found
configure:7019: $? = 127
configure:7027: checking whether we are using the GNU Fortran 77 compiler
configure:7046:  -c  conftest.F >&5
./configure: line 7047: -c: command not found
configure:7052: $? = 127
configure: failed program was:
|       program main
| #ifndef __GNUC__
|        choke me
| #endif
| 
|       end
configure:7069: result: no
configure:7075: checking whether  accepts -g
configure:7092:  -c -g conftest.f >&5
./configure: line 7093: -c: command not found
configure:7098: $? = 127
configure: failed program was:
|       program main
| 
|       end
configure:7114: result: no
configure:7144: checking the maximum length of command line arguments
configure:7253: result: 32768
configure:7264: checking command to parse /usr/bin/nm -B output from gcc object
configure:7369: gcc -c -g -O2  conftest.c >&5
configure:7372: $? = 0
configure:7376: /usr/bin/nm -B conftest.o \| sed -n -e 's/^.*[ 	]\([ABCDGIRSTW][ABCDGIRSTW]*\)[ 	][ 	]*\([_A-Za-z][_A-Za-z0-9]*\)$/\1 \2 \2/p' \> conftest.nm
configure:7379: $? = 0
configure:7431: gcc -o conftest -g -O2   conftest.c conftstm.o >&5
configure:7434: $? = 0
configure:7472: result: ok
configure:7476: checking for objdir
configure:7491: result: .libs
configure:7583: checking for ar
configure:7599: found /usr/bin/ar
configure:7610: result: ar
configure:7679: checking for ranlib
configure:7706: result: ranlib
configure:7775: checking for strip
configure:7791: found /usr/bin/strip
configure:7802: result: strip
configure:8088: checking if gcc supports -fno-rtti -fno-exceptions
configure:8106: gcc -c -g -O2  -fno-rtti -fno-exceptions conftest.c >&5
cc1: warning: command line option '-fno-rtti' is valid for C++/ObjC++ but not for C [enabled by default]
configure:8110: $? = 0
configure:8123: result: no
configure:8138: checking for gcc option to produce PIC
configure:8348: result: -fPIC
configure:8356: checking if gcc PIC flag -fPIC works
configure:8374: gcc -c -g -O2  -fPIC -DPIC conftest.c >&5
configure:8378: $? = 0
configure:8391: result: yes
configure:8419: checking if gcc static flag -static works
configure:8447: result: yes
configure:8457: checking if gcc supports -c -o file.o
configure:8478: gcc -c -g -O2  -o out/conftest2.o conftest.c >&5
configure:8482: $? = 0
configure:8504: result: yes
configure:8530: checking whether the gcc linker (/usr/bin/ld -m elf_x86_64) supports shared libraries
configure:9484: result: yes
configure:9505: checking whether -lc should be explicitly linked in
configure:9510: gcc -c -g -O2  conftest.c >&5
configure:9513: $? = 0
configure:9528: gcc -shared conftest.o  -v -Wl,-soname -Wl,conftest -o conftest 2\>\&1 \| grep  -lc  \>/dev/null 2\>\&1
configure:9531: $? = 0
configure:9543: result: no
configure:9551: checking dynamic linker characteristics
configure:9944: gcc -c -g -O2  conftest.c >&5
configure:9947: $? = 0
configure:10160: result: GNU/Linux ld.so
configure:10169: checking how to hardcode library paths into programs
configure:10194: result: immediate
configure:10208: checking whether stripping libraries is possible
configure:10213: result: yes
configure:11014: checking if libtool supports shared libraries
configure:11016: result: yes
configure:11019: checking whether to build shared libraries
configure:11040: result: yes
configure:11043: checking whether to build static libraries
configure:11047: result: yes
configure:11139: creating libtool
configure:11727: checking for ld used by g++
configure:11794: result: /usr/bin/ld -m elf_x86_64
configure:11803: checking if the linker (/usr/bin/ld -m elf_x86_64) is GNU ld
configure:11818: result: yes
configure:11869: checking whether the g++ linker (/usr/bin/ld -m elf_x86_64) supports shared libraries
configure:12803: result: yes
configure:12821: g++ -c -g -O2  conftest.cpp >&5
configure:12824: $? = 0
configure:12943: checking for g++ option to produce PIC
configure:13217: result: -fPIC
configure:13225: checking if g++ PIC flag -fPIC works
configure:13243: g++ -c -g -O2  -fPIC -DPIC conftest.cpp >&5
configure:13247: $? = 0
configure:13260: result: yes
configure:13288: checking if g++ static flag -static works
configure:13316: result: yes
configure:13326: checking if g++ supports -c -o file.o
configure:13347: g++ -c -g -O2  -o out/conftest2.o conftest.cpp >&5
configure:13351: $? = 0
configure:13373: result: yes
configure:13399: checking whether the g++ linker (/usr/bin/ld -m elf_x86_64) supports shared libraries
configure:13424: result: yes
configure:13491: checking dynamic linker characteristics
configure:13884: g++ -c -g -O2  conftest.cpp >&5
configure:13887: $? = 0
configure:14100: result: GNU/Linux ld.so
configure:14109: checking how to hardcode library paths into programs
configure:14134: result: immediate
configure:20357: checking whether byte ordering is bigendian
configure:20390: gcc -c -g -O2 -Wall  conftest.c >&5
configure:20396: $? = 0
configure:20428: gcc -c -g -O2 -Wall  conftest.c >&5
conftest.c: In function 'main':
conftest.c:28:2: error: unknown type name 'not'
  not big endian
  ^
conftest.c:28:10: error: expected '=', ',', ';', 'asm' or '__attribute__' before 'endian'
  not big endian
          ^
configure:20434: $? = 1
configure: failed program was:
| /* confdefs.h.  */
| #define PACKAGE_NAME ""
| #define PACKAGE_TARNAME ""
| #define PACKAGE_VERSION ""
| #define PACKAGE_STRING ""
| #define PACKAGE_BUGREPORT ""
| #define PACKAGE "snort"
| #define VERSION "2.8.3.1"
| #define STDC_HEADERS 1
| #define HAVE_SYS_TYPES_H 1
| #define HAVE_SYS_STAT_H 1
| #define HAVE_STDLIB_H 1
| #define HAVE_STRING_H 1
| #define HAVE_MEMORY_H 1
| #define HAVE_STRINGS_H 1
| #define HAVE_INTTYPES_H 1
| #define HAVE_STDINT_H 1
| #define HAVE_UNISTD_H 1
| #define HAVE_DLFCN_H 1
| /* end confdefs.h.  */
| #include <sys/types.h>
| #include <sys/param.h>
| 
| int
| main ()
| {
| #if BYTE_ORDER != BIG_ENDIAN
|  not big endian
| #endif
| 
|   ;
|   return 0;
| }
configure:20574: result: no
configure:20749: checking for sparc alignment
configure:20760: result: no
configure:20846: checking for strings.h
configure:20852: result: yes
configure:20986: checking for string.h
configure:20992: result: yes
configure:21126: checking for stdlib.h
configure:21132: result: yes
configure:21266: checking for unistd.h
configure:21272: result: yes
configure:21416: checking sys/sockio.h usability
configure:21433: gcc -c -g -O2 -Wall  conftest.c >&5
conftest.c:60:24: fatal error: sys/sockio.h: No such file or directory
 #include <sys/sockio.h>
                        ^
compilation terminated.
configure:21439: $? = 1
configure: failed program was:
| /* confdefs.h.  */
| #define PACKAGE_NAME ""
| #define PACKAGE_TARNAME ""
| #define PACKAGE_VERSION ""
| #define PACKAGE_STRING ""
| #define PACKAGE_BUGREPORT ""
| #define PACKAGE "snort"
| #define VERSION "2.8.3.1"
| #define STDC_HEADERS 1
| #define HAVE_SYS_TYPES_H 1
| #define HAVE_SYS_STAT_H 1
| #define HAVE_STDLIB_H 1
| #define HAVE_STRING_H 1
| #define HAVE_MEMORY_H 1
| #define HAVE_STRINGS_H 1
| #define HAVE_INTTYPES_H 1
| #define HAVE_STDINT_H 1
| #define HAVE_UNISTD_H 1
| #define HAVE_DLFCN_H 1
| #define LINUX
| #define PCAP_TIMEOUT_IGNORED
| #define HAVE_STRINGS_H 1
| #define HAVE_STRING_H 1
| #define HAVE_STDLIB_H 1
| #define HAVE_UNISTD_H 1
| /* end confdefs.h.  */
| #include <stdio.h>
| #ifdef HAVE_SYS_TYPES_H
| # include <sys/types.h>
| #endif
| #ifdef HAVE_SYS_STAT_H
| # include <sys/stat.h>
| #endif
| #ifdef STDC_HEADERS
| # include <stdlib.h>
| # include <stddef.h>
| #else
| # ifdef HAVE_STDLIB_H
| #  include <stdlib.h>
| # endif
| #endif
| #ifdef HAVE_STRING_H
| # if !defined STDC_HEADERS && defined HAVE_MEMORY_H
| #  include <memory.h>
| # endif
| # include <string.h>
| #endif
| #ifdef HAVE_STRINGS_H
| # include <strings.h>
| #endif
| #ifdef HAVE_INTTYPES_H
| # include <inttypes.h>
| #endif
| #ifdef HAVE_STDINT_H
| # include <stdint.h>
| #endif
| #ifdef HAVE_UNISTD_H
| # include <unistd.h>
| #endif
| #include <sys/sockio.h>
configure:21453: result: no
configure:21457: checking sys/sockio.h presence
configure:21472: gcc -E  conftest.c
conftest.c:27:24: fatal error: sys/sockio.h: No such file or directory
 #include <sys/sockio.h>
                        ^
compilation terminated.
configure:21478: $? = 1
configure: failed program was:
| /* confdefs.h.  */
| #define PACKAGE_NAME ""
| #define PACKAGE_TARNAME ""
| #define PACKAGE_VERSION ""
| #define PACKAGE_STRING ""
| #define PACKAGE_BUGREPORT ""
| #define PACKAGE "snort"
| #define VERSION "2.8.3.1"
| #define STDC_HEADERS 1
| #define HAVE_SYS_TYPES_H 1
| #define HAVE_SYS_STAT_H 1
| #define HAVE_STDLIB_H 1
| #define HAVE_STRING_H 1
| #define HAVE_MEMORY_H 1
| #define HAVE_STRINGS_H 1
| #define HAVE_INTTYPES_H 1
| #define HAVE_STDINT_H 1
| #define HAVE_UNISTD_H 1
| #define HAVE_DLFCN_H 1
| #define LINUX
| #define PCAP_TIMEOUT_IGNORED
| #define HAVE_STRINGS_H 1
| #define HAVE_STRING_H 1
| #define HAVE_STDLIB_H 1
| #define HAVE_UNISTD_H 1
| /* end confdefs.h.  */
| #include <sys/sockio.h>
configure:21492: result: no
configure:21520: checking for sys/sockio.h
configure:21528: result: no
configure:21556: checking paths.h usability
configure:21573: gcc -c -g -O2 -Wall  conftest.c >&5
configure:21579: $? = 0
configure:21593: result: yes
configure:21597: checking paths.h presence
configure:21612: gcc -E  conftest.c
configure:21618: $? = 0
configure:21632: result: yes
configure:21660: checking for paths.h
configure:21668: result: yes
configure:21686: checking for inttypes.h
configure:21692: result: yes
configure:21837: checking wchar.h usability
configure:21854: gcc -c -g -O2 -Wall  conftest.c >&5
configure:21860: $? = 0
configure:21874: result: yes
configure:21878: checking wchar.h presence
configure:21893: gcc -E  conftest.c
configure:21899: $? = 0
configure:21913: result: yes
configure:21941: checking for wchar.h
configure:21949: result: yes
configure:21964: checking for inet_ntoa in -lnsl
configure:21999: gcc -o conftest -g -O2 -Wall   conftest.c -lnsl   >&5
configure:22005: $? = 0
configure:22023: result: yes
configure:22038: checking for socket in -lsocket
configure:22073: gcc -o conftest -g -O2 -Wall   conftest.c -lsocket  -lnsl  >&5
/usr/bin/ld: cannot find -lsocket
collect2: error: ld returned 1 exit status
configure:22079: $? = 1
configure: failed program was:
| /* confdefs.h.  */
| #define PACKAGE_NAME ""
| #define PACKAGE_TARNAME ""
| #define PACKAGE_VERSION ""
| #define PACKAGE_STRING ""
| #define PACKAGE_BUGREPORT ""
| #define PACKAGE "snort"
| #define VERSION "2.8.3.1"
| #define STDC_HEADERS 1
| #define HAVE_SYS_TYPES_H 1
| #define HAVE_SYS_STAT_H 1
| #define HAVE_STDLIB_H 1
| #define HAVE_STRING_H 1
| #define HAVE_MEMORY_H 1
| #define HAVE_STRINGS_H 1
| #define HAVE_INTTYPES_H 1
| #define HAVE_STDINT_H 1
| #define HAVE_UNISTD_H 1
| #define HAVE_DLFCN_H 1
| #define LINUX
| #define PCAP_TIMEOUT_IGNORED
| #define HAVE_STRINGS_H 1
| #define HAVE_STRING_H 1
| #define HAVE_STDLIB_H 1
| #define HAVE_UNISTD_H 1
| #define HAVE_PATHS_H 1
| #define HAVE_INTTYPES_H 1
| #define HAVE_WCHAR_H 1
| #define HAVE_LIBNSL 1
| /* end confdefs.h.  */
| 
| /* Override any GCC internal prototype to avoid an error.
|    Use char because int might match the return type of a GCC
|    builtin and then its argument prototype would still apply.  */
| #ifdef __cplusplus
| extern "C"
| #endif
| char socket ();
| int
| main ()
| {
| return socket ();
|   ;
|   return 0;
| }
configure:22097: result: no
configure:22330: checking whether printf must be declared
configure:22373: gcc -c -g -O2 -Wall  conftest.c >&5
conftest.c: In function 'main':
conftest.c:52:9: warning: unused variable 'pfn' [-Wunused-variable]
 char *(*pfn) = (char *(*)) printf
         ^
configure:22379: $? = 0
configure:22407: result: no
configure:22330: checking whether fprintf must be declared
configure:22373: gcc -c -g -O2 -Wall  conftest.c >&5
conftest.c: In function 'main':
conftest.c:52:9: warning: unused variable 'pfn' [-Wunused-variable]
 char *(*pfn) = (char *(*)) fprintf
         ^
configure:22379: $? = 0
configure:22407: result: no
configure:22330: checking whether syslog must be declared
configure:22373: gcc -c -g -O2 -Wall  conftest.c >&5
conftest.c: In function 'main':
conftest.c:52:9: warning: unused variable 'pfn' [-Wunused-variable]
 char *(*pfn) = (char *(*)) syslog
         ^
configure:22379: $? = 0
configure:22407: result: no
configure:22330: checking whether puts must be declared
configure:22373: gcc -c -g -O2 -Wall  conftest.c >&5
conftest.c: In function 'main':
conftest.c:52:9: warning: unused variable 'pfn' [-Wunused-variable]
 char *(*pfn) = (char *(*)) puts
         ^
configure:22379: $? = 0
configure:22407: result: no
configure:22330: checking whether fputs must be declared
configure:22373: gcc -c -g -O2 -Wall  conftest.c >&5
conftest.c: In function 'main':
conftest.c:52:9: warning: unused variable 'pfn' [-Wunused-variable]
 char *(*pfn) = (char *(*)) fputs
         ^
configure:22379: $? = 0
configure:22407: result: no
configure:22330: checking whether fputc must be declared
configure:22373: gcc -c -g -O2 -Wall  conftest.c >&5
conftest.c: In function 'main':
conftest.c:52:9: warning: unused variable 'pfn' [-Wunused-variable]
 char *(*pfn) = (char *(*)) fputc
         ^
configure:22379: $? = 0
configure:22407: result: no
configure:22330: checking whether fopen must be declared
configure:22373: gcc -c -g -O2 -Wall  conftest.c >&5
conftest.c: In function 'main':
conftest.c:52:9: warning: unused variable 'pfn' [-Wunused-variable]
 char *(*pfn) = (char *(*)) fopen
         ^
configure:22379: $? = 0
configure:22407: result: no
configure:22330: checking whether fclose must be declared
configure:22373: gcc -c -g -O2 -Wall  conftest.c >&5
conftest.c: In function 'main':
conftest.c:52:9: warning: unused variable 'pfn' [-Wunused-variable]
 char *(*pfn) = (char *(*)) fclose
         ^
configure:22379: $? = 0
configure:22407: result: no
configure:22330: checking whether fwrite must be declared
configure:22373: gcc -c -g -O2 -Wall  conftest.c >&5
conftest.c: In function 'main':
conftest.c:52:9: warning: unused variable 'pfn' [-Wunused-variable]
 char *(*pfn) = (char *(*)) fwrite
         ^
configure:22379: $? = 0
configure:22407: result: no
configure:22330: checking whether fflush must be declared
configure:22373: gcc -c -g -O2 -Wall  conftest.c >&5
conftest.c: In function 'main':
conftest.c:52:9: warning: unused variable 'pfn' [-Wunused-variable]
 char *(*pfn) = (char *(*)) fflush
         ^
configure:22379: $? = 0
configure:22407: result: no
configure:22330: checking whether getopt must be declared
configure:22373: gcc -c -g -O2 -Wall  conftest.c >&5
conftest.c: In function 'main':
conftest.c:52:9: warning: unused variable 'pfn' [-Wunused-variable]
 char *(*pfn) = (char *(*)) getopt
         ^
configure:22379: $? = 0
configure:22407: result: no
configure:22330: checking whether bzero must be declared
configure:22373: gcc -c -g -O2 -Wall  conftest.c >&5
conftest.c: In function 'main':
conftest.c:52:9: warning: unused variable 'pfn' [-Wunused-variable]
 char *(*pfn) = (char *(*)) bzero
         ^
configure:22379: $? = 0
configure:22407: result: no
configure:22330: checking whether bcopy must be declared
configure:22373: gcc -c -g -O2 -Wall  conftest.c >&5
conftest.c: In function 'main':
conftest.c:52:9: warning: unused variable 'pfn' [-Wunused-variable]
 char *(*pfn) = (char *(*)) bcopy
         ^
configure:22379: $? = 0
configure:22407: result: no
configure:22330: checking whether memset must be declared
configure:22373: gcc -c -g -O2 -Wall  conftest.c >&5
conftest.c: In function 'main':
conftest.c:52:9: warning: unused variable 'pfn' [-Wunused-variable]
 char *(*pfn) = (char *(*)) memset
         ^
configure:22379: $? = 0
configure:22407: result: no
configure:22330: checking whether strtol must be declared
configure:22373: gcc -c -g -O2 -Wall  conftest.c >&5
conftest.c: In function 'main':
conftest.c:52:9: warning: unused variable 'pfn' [-Wunused-variable]
 char *(*pfn) = (char *(*)) strtol
         ^
configure:22379: $? = 0
configure:22407: result: no
configure:22330: checking whether strcasecmp must be declared
configure:22373: gcc -c -g -O2 -Wall  conftest.c >&5
conftest.c: In function 'main':
conftest.c:52:9: warning: unused variable 'pfn' [-Wunused-variable]
 char *(*pfn) = (char *(*)) strcasecmp
         ^
configure:22379: $? = 0
configure:22407: result: no
configure:22330: checking whether strncasecmp must be declared
configure:22373: gcc -c -g -O2 -Wall  conftest.c >&5
conftest.c: In function 'main':
conftest.c:52:9: warning: unused variable 'pfn' [-Wunused-variable]
 char *(*pfn) = (char *(*)) strncasecmp
         ^
configure:22379: $? = 0
configure:22407: result: no
configure:22330: checking whether strerror must be declared
configure:22373: gcc -c -g -O2 -Wall  conftest.c >&5
conftest.c: In function 'main':
conftest.c:52:9: warning: unused variable 'pfn' [-Wunused-variable]
 char *(*pfn) = (char *(*)) strerror
         ^
configure:22379: $? = 0
configure:22407: result: no
configure:22330: checking whether perror must be declared
configure:22373: gcc -c -g -O2 -Wall  conftest.c >&5
conftest.c: In function 'main':
conftest.c:52:9: warning: unused variable 'pfn' [-Wunused-variable]
 char *(*pfn) = (char *(*)) perror
         ^
configure:22379: $? = 0
configure:22407: result: no
configure:22330: checking whether socket must be declared
configure:22373: gcc -c -g -O2 -Wall  conftest.c >&5
conftest.c: In function 'main':
conftest.c:52:9: warning: unused variable 'pfn' [-Wunused-variable]
 char *(*pfn) = (char *(*)) socket
         ^
configure:22379: $? = 0
configure:22407: result: no
configure:22330: checking whether sendto must be declared
configure:22373: gcc -c -g -O2 -Wall  conftest.c >&5
conftest.c: In function 'main':
conftest.c:52:9: warning: unused variable 'pfn' [-Wunused-variable]
 char *(*pfn) = (char *(*)) sendto
         ^
configure:22379: $? = 0
configure:22407: result: no
configure:22330: checking whether vsnprintf must be declared
configure:22373: gcc -c -g -O2 -Wall  conftest.c >&5
conftest.c: In function 'main':
conftest.c:52:9: warning: unused variable 'pfn' [-Wunused-variable]
 char *(*pfn) = (char *(*)) vsnprintf
         ^
configure:22379: $? = 0
configure:22407: result: no
configure:22330: checking whether snprintf must be declared
configure:22373: gcc -c -g -O2 -Wall  conftest.c >&5
conftest.c: In function 'main':
conftest.c:52:9: warning: unused variable 'pfn' [-Wunused-variable]
 char *(*pfn) = (char *(*)) snprintf
         ^
configure:22379: $? = 0
configure:22407: result: no
configure:22330: checking whether strtoul must be declared
configure:22373: gcc -c -g -O2 -Wall  conftest.c >&5
conftest.c: In function 'main':
conftest.c:52:9: warning: unused variable 'pfn' [-Wunused-variable]
 char *(*pfn) = (char *(*)) strtoul
         ^
configure:22379: $? = 0
configure:22407: result: no
configure:22418: checking for snprintf
configure:22474: gcc -o conftest -g -O2 -Wall   conftest.c -lnsl  >&5
conftest.c:54:6: warning: conflicting types for built-in function 'snprintf' [enabled by default]
 char snprintf ();
      ^
configure:22480: $? = 0
configure:22498: result: yes
configure:22512: checking for strlcpy
configure:22568: gcc -o conftest -g -O2 -Wall   conftest.c -lnsl  >&5
/tmp/cc96ypjA.o: In function `main':
/home/ljl/test/snort-2.8.3.1/conftest.c:66: undefined reference to `strlcpy'
collect2: error: ld returned 1 exit status
configure:22574: $? = 1
configure: failed program was:
| /* confdefs.h.  */
| #define PACKAGE_NAME ""
| #define PACKAGE_TARNAME ""
| #define PACKAGE_VERSION ""
| #define PACKAGE_STRING ""
| #define PACKAGE_BUGREPORT ""
| #define PACKAGE "snort"
| #define VERSION "2.8.3.1"
| #define STDC_HEADERS 1
| #define HAVE_SYS_TYPES_H 1
| #define HAVE_SYS_STAT_H 1
| #define HAVE_STDLIB_H 1
| #define HAVE_STRING_H 1
| #define HAVE_MEMORY_H 1
| #define HAVE_STRINGS_H 1
| #define HAVE_INTTYPES_H 1
| #define HAVE_STDINT_H 1
| #define HAVE_UNISTD_H 1
| #define HAVE_DLFCN_H 1
| #define LINUX
| #define PCAP_TIMEOUT_IGNORED
| #define HAVE_STRINGS_H 1
| #define HAVE_STRING_H 1
| #define HAVE_STDLIB_H 1
| #define HAVE_UNISTD_H 1
| #define HAVE_PATHS_H 1
| #define HAVE_INTTYPES_H 1
| #define HAVE_WCHAR_H 1
| #define HAVE_LIBNSL 1
| #define HAVE_SNPRINTF 1
| /* end confdefs.h.  */
| /* Define strlcpy to an innocuous variant, in case <limits.h> declares strlcpy.
|    For example, HP-UX 11i <limits.h> declares gettimeofday.  */
| #define strlcpy innocuous_strlcpy
| 
| /* System header to define __stub macros and hopefully few prototypes,
|     which can conflict with char strlcpy (); below.
|     Prefer <limits.h> to <assert.h> if __STDC__ is defined, since
|     <limits.h> exists even on freestanding compilers.  */
| 
| #ifdef __STDC__
| # include <limits.h>
| #else
| # include <assert.h>
| #endif
| 
| #undef strlcpy
| 
| /* Override any GCC internal prototype to avoid an error.
|    Use char because int might match the return type of a GCC
|    builtin and then its argument prototype would still apply.  */
| #ifdef __cplusplus
| extern "C"
| #endif
| char strlcpy ();
| /* The GNU C library defines this for functions which it implements
|     to always fail with ENOSYS.  Some functions are actually named
|     something starting with __ and the normal name is an alias.  */
| #if defined __stub_strlcpy || defined __stub___strlcpy
| choke me
| #endif
| 
| int
| main ()
| {
| return strlcpy ();
|   ;
|   return 0;
| }
configure:22592: result: no
configure:22606: checking for strlcat
configure:22662: gcc -o conftest -g -O2 -Wall   conftest.c -lnsl  >&5
/tmp/ccY2YAeG.o: In function `main':
/home/ljl/test/snort-2.8.3.1/conftest.c:66: undefined reference to `strlcat'
collect2: error: ld returned 1 exit status
configure:22668: $? = 1
configure: failed program was:
| /* confdefs.h.  */
| #define PACKAGE_NAME ""
| #define PACKAGE_TARNAME ""
| #define PACKAGE_VERSION ""
| #define PACKAGE_STRING ""
| #define PACKAGE_BUGREPORT ""
| #define PACKAGE "snort"
| #define VERSION "2.8.3.1"
| #define STDC_HEADERS 1
| #define HAVE_SYS_TYPES_H 1
| #define HAVE_SYS_STAT_H 1
| #define HAVE_STDLIB_H 1
| #define HAVE_STRING_H 1
| #define HAVE_MEMORY_H 1
| #define HAVE_STRINGS_H 1
| #define HAVE_INTTYPES_H 1
| #define HAVE_STDINT_H 1
| #define HAVE_UNISTD_H 1
| #define HAVE_DLFCN_H 1
| #define LINUX
| #define PCAP_TIMEOUT_IGNORED
| #define HAVE_STRINGS_H 1
| #define HAVE_STRING_H 1
| #define HAVE_STDLIB_H 1
| #define HAVE_UNISTD_H 1
| #define HAVE_PATHS_H 1
| #define HAVE_INTTYPES_H 1
| #define HAVE_WCHAR_H 1
| #define HAVE_LIBNSL 1
| #define HAVE_SNPRINTF 1
| /* end confdefs.h.  */
| /* Define strlcat to an innocuous variant, in case <limits.h> declares strlcat.
|    For example, HP-UX 11i <limits.h> declares gettimeofday.  */
| #define strlcat innocuous_strlcat
| 
| /* System header to define __stub macros and hopefully few prototypes,
|     which can conflict with char strlcat (); below.
|     Prefer <limits.h> to <assert.h> if __STDC__ is defined, since
|     <limits.h> exists even on freestanding compilers.  */
| 
| #ifdef __STDC__
| # include <limits.h>
| #else
| # include <assert.h>
| #endif
| 
| #undef strlcat
| 
| /* Override any GCC internal prototype to avoid an error.
|    Use char because int might match the return type of a GCC
|    builtin and then its argument prototype would still apply.  */
| #ifdef __cplusplus
| extern "C"
| #endif
| char strlcat ();
| /* The GNU C library defines this for functions which it implements
|     to always fail with ENOSYS.  Some functions are actually named
|     something starting with __ and the normal name is an alias.  */
| #if defined __stub_strlcat || defined __stub___strlcat
| choke me
| #endif
| 
| int
| main ()
| {
| return strlcat ();
|   ;
|   return 0;
| }
configure:22686: result: no
configure:22700: checking for strerror
configure:22756: gcc -o conftest -g -O2 -Wall   conftest.c -lnsl  >&5
configure:22762: $? = 0
configure:22780: result: yes
configure:22794: checking for vswprintf
configure:22850: gcc -o conftest -g -O2 -Wall   conftest.c -lnsl  >&5
configure:22856: $? = 0
configure:22874: result: yes
configure:22888: checking for wprintf
configure:22944: gcc -o conftest -g -O2 -Wall   conftest.c -lnsl  >&5
configure:22950: $? = 0
configure:22968: result: yes
configure:22979: checking for sizeof(unsigned long)
configure:23014: gcc -o conftest -g -O2 -Wall   conftest.c -lnsl  >&5
configure:23017: $? = 0
configure:23023: ./conftest
configure:23026: $? = 0
configure:23042: result: 64 bits
configure:23077: gcc -c -g -O2 -Wall  conftest.c >&5
conftest.c: In function 'main':
conftest.c:42:16: warning: assignment discards 'const' qualifier from pointer target type [enabled by default]
 char *foo; foo = sys_errlist[0];
                ^
conftest.c:42:7: warning: variable 'foo' set but not used [-Wunused-but-set-variable]
 char *foo; foo = sys_errlist[0];
       ^
configure:23083: $? = 0
configure:23102: checking for __FUNCTION__
configure:23127: gcc -c -g -O2 -Wall  conftest.c >&5
configure:23133: $? = 0
configure:23148: result: yes
configure:23293: checking for floor in -lm
configure:23328: gcc -o conftest -g -O2 -Wall   conftest.c -lm  -lnsl  >&5
conftest.c:45:6: warning: conflicting types for built-in function 'floor' [enabled by default]
 char floor ();
      ^
configure:23334: $? = 0
configure:23352: result: yes
configure:23366: checking for pcap_datalink in -lpcap
configure:23401: gcc -o conftest -g -O2 -Wall   conftest.c -lpcap  -lm -lnsl  >&5
configure:23407: $? = 0
configure:23425: result: yes
configure:23764: checking for libpcap version >= 0.9
configure:23804: gcc -o conftest -g -O2 -Wall   conftest.c -lpcap -lm -lnsl  >&5
configure:23807: $? = 0
configure:23813: ./conftest
configure:23816: $? = 0
configure:23831: result: yes
configure:23852: checking for libpcap version 0.9.0 - 0.9.4
configure:23889: gcc -o conftest -g -O2 -Wall   conftest.c -lpcap -lm -lnsl  >&5
configure:23892: $? = 0
configure:23898: ./conftest
configure:23901: $? = 0
configure:23916: result: no
configure:23989: checking pcre.h usability
configure:24006: gcc -c -g -O2 -Wall  -I/usr/local/include conftest.c >&5
configure:24012: $? = 0
configure:24026: result: yes
configure:24030: checking pcre.h presence
configure:24045: gcc -E  -I/usr/local/include conftest.c
configure:24051: $? = 0
configure:24065: result: yes
configure:24093: checking for pcre.h
configure:24101: result: yes
configure:24127: checking for pcre_compile in -lpcre
configure:24162: gcc -o conftest -g -O2 -Wall  -I/usr/local/include  -L/usr/local/lib -lpcre conftest.c -lpcre  -lpcap -lm -lnsl  >&5
configure:24168: $? = 0
configure:24186: result: yes
configure:24206: checking for libpcre version 6.0 or greater
configure:24237: gcc -o conftest -g -O2 -Wall  -I/usr/local/include  -L/usr/local/lib -lpcre conftest.c -lpcre -lpcap -lm -lnsl  >&5
conftest.c: In function 'main':
conftest.c:51:12: warning: variable 'a' set but not used [-Wunused-but-set-variable]
        int a,b,c,d;
            ^
conftest.c:53:10: warning: 'tmp' is used uninitialized in this function [-Wuninitialized]
        a = pcre_copy_named_substring(tmp, "", &b, c, "", "", d);
          ^
conftest.c:53:10: warning: 'c' is used uninitialized in this function [-Wuninitialized]
conftest.c:53:10: warning: 'd' is used uninitialized in this function [-Wuninitialized]
configure:24243: $? = 0
configure:24270: result: yes
configure:25377: checking for dlsym in -ldl
configure:25412: gcc -o conftest -g -O2 -Wall -DDYNAMIC_PLUGIN  -I/usr/local/include  -L/usr/local/lib -lpcre conftest.c -ldl  -lpcre -lpcap -lm -lnsl  >&5
configure:25418: $? = 0
configure:25436: result: yes
configure:27267: checking for u_int8_t
configure:27297: gcc -c -g -O2 -Wall -DDYNAMIC_PLUGIN -DDETECTION_OPTION_TREE  -I/usr/local/include conftest.c >&5
configure:27303: $? = 0
configure:27318: result: yes
configure:27330: checking for u_int16_t
configure:27360: gcc -c -g -O2 -Wall -DDYNAMIC_PLUGIN -DDETECTION_OPTION_TREE  -I/usr/local/include conftest.c >&5
configure:27366: $? = 0
configure:27381: result: yes
configure:27393: checking for u_int32_t
configure:27423: gcc -c -g -O2 -Wall -DDYNAMIC_PLUGIN -DDETECTION_OPTION_TREE  -I/usr/local/include conftest.c >&5
configure:27429: $? = 0
configure:27444: result: yes
configure:27489: checking for a BSD-compatible install
configure:27545: result: /usr/bin/install -c
configure:27707: creating ./config.status

## ---------------------- ##
## Running config.status. ##
## ---------------------- ##

This file was extended by config.status, which was
generated by GNU Autoconf 2.61.  Invocation command line was

  CONFIG_FILES    = 
  CONFIG_HEADERS  = 
  CONFIG_LINKS    = 
  CONFIG_COMMANDS = 
  $ ./config.status 

on ubuntu

config.status:726: creating Makefile
config.status:726: creating src/Makefile
config.status:726: creating src/sfutil/Makefile
config.status:726: creating src/detection-plugins/Makefile
config.status:726: creating src/dynamic-plugins/Makefile
config.status:726: creating src/dynamic-plugins/sf_engine/Makefile
config.status:726: creating src/dynamic-plugins/sf_engine/examples/Makefile
config.status:726: creating src/dynamic-plugins/sf_preproc_example/Makefile
config.status:726: creating src/dynamic-preprocessors/Makefile
config.status:726: creating src/dynamic-preprocessors/libs/Makefile
config.status:726: creating src/dynamic-preprocessors/ftptelnet/Makefile
config.status:726: creating src/dynamic-preprocessors/smtp/Makefile
config.status:726: creating src/dynamic-preprocessors/ssh/Makefile
config.status:726: creating src/dynamic-preprocessors/dcerpc/Makefile
config.status:726: creating src/dynamic-preprocessors/dns/Makefile
config.status:726: creating src/dynamic-examples/Makefile
config.status:726: creating src/dynamic-examples/dynamic-preprocessor/Makefile
config.status:726: creating src/dynamic-examples/dynamic-rule/Makefile
config.status:726: creating src/dynamic-preprocessors/ssl/Makefile
config.status:726: creating src/output-plugins/Makefile
config.status:726: creating src/preprocessors/Makefile
config.status:726: creating src/preprocessors/HttpInspect/Makefile
config.status:726: creating src/preprocessors/HttpInspect/include/Makefile
config.status:726: creating src/preprocessors/HttpInspect/utils/Makefile
config.status:726: creating src/preprocessors/HttpInspect/anomaly_detection/Makefile
config.status:726: creating src/preprocessors/HttpInspect/client/Makefile
config.status:726: creating src/preprocessors/HttpInspect/event_output/Makefile
config.status:726: creating src/preprocessors/HttpInspect/mode_inspection/Makefile
config.status:726: creating src/preprocessors/HttpInspect/normalization/Makefile
config.status:726: creating src/preprocessors/HttpInspect/server/Makefile
config.status:726: creating src/preprocessors/HttpInspect/session_inspection/Makefile
config.status:726: creating src/preprocessors/HttpInspect/user_interface/Makefile
config.status:726: creating src/preprocessors/flow/Makefile
config.status:726: creating src/preprocessors/flow/int-snort/Makefile
config.status:726: creating src/preprocessors/flow/portscan/Makefile
config.status:726: creating src/preprocessors/Stream5/Makefile
config.status:726: creating src/parser/Makefile
config.status:726: creating src/target-based/Makefile
config.status:726: creating doc/Makefile
config.status:726: creating contrib/Makefile
config.status:726: creating schemas/Makefile
config.status:726: creating rpm/Makefile
config.status:726: creating preproc_rules/Makefile
config.status:726: creating m4/Makefile
config.status:726: creating etc/Makefile
config.status:726: creating templates/Makefile
config.status:726: creating src/win32/Makefile
config.status:726: creating config.h
config.status:1022: executing depfiles commands

## ---------------- ##
## Cache variables. ##
## ---------------- ##

ac_cv_build=x86_64-unknown-linux-gnu
ac_cv_c_bigendian=no
ac_cv_c_compiler_gnu=yes
ac_cv_cxx_compiler_gnu=yes
ac_cv_env_CCC_set=
ac_cv_env_CCC_value=
ac_cv_env_CC_set=
ac_cv_env_CC_value=
ac_cv_env_CFLAGS_set=
ac_cv_env_CFLAGS_value=
ac_cv_env_CPPFLAGS_set=
ac_cv_env_CPPFLAGS_value=
ac_cv_env_CPP_set=
ac_cv_env_CPP_value=
ac_cv_env_CXXCPP_set=
ac_cv_env_CXXCPP_value=
ac_cv_env_CXXFLAGS_set=
ac_cv_env_CXXFLAGS_value=
ac_cv_env_CXX_set=
ac_cv_env_CXX_value=
ac_cv_env_F77_set=
ac_cv_env_F77_value=
ac_cv_env_FFLAGS_set=
ac_cv_env_FFLAGS_value=
ac_cv_env_LDFLAGS_set=
ac_cv_env_LDFLAGS_value=
ac_cv_env_LIBS_set=
ac_cv_env_LIBS_value=
ac_cv_env_build_alias_set=
ac_cv_env_build_alias_value=
ac_cv_env_host_alias_set=
ac_cv_env_host_alias_value=
ac_cv_env_target_alias_set=
ac_cv_env_target_alias_value=
ac_cv_f77_compiler_gnu=no
ac_cv_func_snprintf=yes
ac_cv_func_strerror=yes
ac_cv_func_strlcat=no
ac_cv_func_strlcpy=no
ac_cv_func_vswprintf=yes
ac_cv_func_wprintf=yes
ac_cv_header_dlfcn_h=yes
ac_cv_header_inttypes_h=yes
ac_cv_header_memory_h=yes
ac_cv_header_paths_h=yes
ac_cv_header_pcre_h=yes
ac_cv_header_stdc=yes
ac_cv_header_stdint_h=yes
ac_cv_header_stdlib_h=yes
ac_cv_header_string_h=yes
ac_cv_header_strings_h=yes
ac_cv_header_sys_sockio_h=no
ac_cv_header_sys_stat_h=yes
ac_cv_header_sys_types_h=yes
ac_cv_header_unistd_h=yes
ac_cv_header_wchar_h=yes
ac_cv_host=x86_64-unknown-linux-gnu
ac_cv_lib_dl_dlsym=yes
ac_cv_lib_m_floor=yes
ac_cv_lib_nsl_inet_ntoa=yes
ac_cv_lib_pcap_pcap_datalink=yes
ac_cv_lib_pcre_pcre_compile=yes
ac_cv_lib_socket_socket=no
ac_cv_objext=o
ac_cv_path_EGREP='/bin/grep -E'
ac_cv_path_GREP=/bin/grep
ac_cv_path_install='/usr/bin/install -c'
ac_cv_path_mkdir=/bin/mkdir
ac_cv_prog_AWK=gawk
ac_cv_prog_CPP='gcc -E'
ac_cv_prog_CXXCPP='g++ -E'
ac_cv_prog_LEX=flex
ac_cv_prog_YACC=bison
ac_cv_prog_ac_ct_AR=ar
ac_cv_prog_ac_ct_CC=gcc
ac_cv_prog_ac_ct_CXX=g++
ac_cv_prog_ac_ct_RANLIB=ranlib
ac_cv_prog_ac_ct_STRIP=strip
ac_cv_prog_cc_c89=
ac_cv_prog_cc_g=yes
ac_cv_prog_cxx_g=yes
ac_cv_prog_f77_g=no
ac_cv_prog_make_make_set=yes
ac_cv_type_u_int16_t=yes
ac_cv_type_u_int32_t=yes
ac_cv_type_u_int8_t=yes
am_cv_CC_dependencies_compiler_type=gcc3
am_cv_CXX_dependencies_compiler_type=gcc3
am_cv_prog_cc_stdc=
lt_cv_deplibs_check_method=pass_all
lt_cv_file_magic_cmd='$MAGIC_CMD'
lt_cv_file_magic_test_file=
lt_cv_ld_reload_flag=-r
lt_cv_objdir=.libs
lt_cv_path_LD=/usr/bin/ld
lt_cv_path_LDCXX='/usr/bin/ld -m elf_x86_64'
lt_cv_path_NM='/usr/bin/nm -B'
lt_cv_path_SED=/bin/sed
lt_cv_prog_compiler_c_o=yes
lt_cv_prog_compiler_c_o_CXX=yes
lt_cv_prog_compiler_rtti_exceptions=no
lt_cv_prog_gnu_ld=yes
lt_cv_prog_gnu_ldcxx=yes
lt_cv_sys_global_symbol_pipe='sed -n -e '\''s/^.*[ 	]\([ABCDGIRSTW][ABCDGIRSTW]*\)[ 	][ 	]*\([_A-Za-z][_A-Za-z0-9]*\)$/\1 \2 \2/p'\'''
lt_cv_sys_global_symbol_to_c_name_address='sed -n -e '\''s/^: \([^ ]*\) $/  {\"\1\", (lt_ptr) 0},/p'\'' -e '\''s/^[BCDEGRST] \([^ ]*\) \([^ ]*\)$/  {"\2", (lt_ptr) \&\2},/p'\'''
lt_cv_sys_global_symbol_to_cdecl='sed -n -e '\''s/^. .* \(.*\)$/extern int \1;/p'\'''
lt_cv_sys_max_cmd_len=32768
lt_lt_cv_prog_compiler_c_o='"yes"'
lt_lt_cv_prog_compiler_c_o_CXX='"yes"'
lt_lt_cv_sys_global_symbol_pipe='"sed -n -e '\''s/^.*[ 	]\\([ABCDGIRSTW][ABCDGIRSTW]*\\)[ 	][ 	]*\\([_A-Za-z][_A-Za-z0-9]*\\)\$/\\1 \\2 \\2/p'\''"'
lt_lt_cv_sys_global_symbol_to_c_name_address='"sed -n -e '\''s/^: \\([^ ]*\\) \$/  {\\\"\\1\\\", (lt_ptr) 0},/p'\'' -e '\''s/^[BCDEGRST] \\([^ ]*\\) \\([^ ]*\\)\$/  {\"\\2\", (lt_ptr) \\&\\2},/p'\''"'
lt_lt_cv_sys_global_symbol_to_cdecl='"sed -n -e '\''s/^. .* \\(.*\\)\$/extern int \\1;/p'\''"'
sn_cv_decl_needed_bcopy=no
sn_cv_decl_needed_bzero=no
sn_cv_decl_needed_fclose=no
sn_cv_decl_needed_fflush=no
sn_cv_decl_needed_fopen=no
sn_cv_decl_needed_fprintf=no
sn_cv_decl_needed_fputc=no
sn_cv_decl_needed_fputs=no
sn_cv_decl_needed_fwrite=no
sn_cv_decl_needed_getopt=no
sn_cv_decl_needed_memset=no
sn_cv_decl_needed_perror=no
sn_cv_decl_needed_printf=no
sn_cv_decl_needed_puts=no
sn_cv_decl_needed_sendto=no
sn_cv_decl_needed_snprintf=no
sn_cv_decl_needed_socket=no
sn_cv_decl_needed_strcasecmp=no
sn_cv_decl_needed_strerror=no
sn_cv_decl_needed_strncasecmp=no
sn_cv_decl_needed_strtol=no
sn_cv_decl_needed_strtoul=no
sn_cv_decl_needed_syslog=no
sn_cv_decl_needed_vsnprintf=no
sn_cv_have___FUNCTION__=yes

## ----------------- ##
## Output variables. ##
## ----------------- ##

ACLOCAL='${SHELL} /home/ljl/test/snort-2.8.3.1/missing --run aclocal-1.10'
AMDEPBACKSLASH='\'
AMDEP_FALSE='#'
AMDEP_TRUE=''
AMTAR='${SHELL} /home/ljl/test/snort-2.8.3.1/missing --run tar'
AR='ar'
AUTOCONF='${SHELL} /home/ljl/test/snort-2.8.3.1/missing --run autoconf'
AUTOHEADER='${SHELL} /home/ljl/test/snort-2.8.3.1/missing --run autoheader'
AUTOMAKE='${SHELL} /home/ljl/test/snort-2.8.3.1/missing --run automake-1.10'
AWK='gawk'
CC='gcc'
CCDEPMODE='depmode=gcc3'
CFLAGS='-g -O2 -Wall -DDYNAMIC_PLUGIN -DDETECTION_OPTION_TREE -fno-strict-aliasing'
CPP='gcc -E'
CPPFLAGS='-I/usr/local/include -fno-strict-aliasing'
CXX='g++'
CXXCPP='g++ -E'
CXXDEPMODE='depmode=gcc3'
CXXFLAGS='-g -O2'
CYGPATH_W='echo'
DEFS='-DHAVE_CONFIG_H'
DEPDIR='.deps'
ECHO='echo'
ECHO_C=''
ECHO_N='-n'
ECHO_T=''
EGREP='/bin/grep -E'
EXEEXT=''
F77=''
FFLAGS=''
GREP='/bin/grep'
HAVE_DYNAMIC_PLUGINS_FALSE='#'
HAVE_DYNAMIC_PLUGINS_TRUE=''
HAVE_TARGET_BASED_FALSE=''
HAVE_TARGET_BASED_TRUE='#'
INCLUDES='-I$(top_srcdir) -I$(top_srcdir)/src -I$(top_srcdir)/src/sfutil $(extra_incl) -I$(top_srcdir)/src/output-plugins -I$(top_srcdir)/src/detection-plugins -I$(top_srcdir)/src/dynamic-plugins -I$(top_srcdir)/src/preprocessors -I$(top_srcdir)/src/preprocessors/flow -I$(top_srcdir)/src/preprocessors/portscan  -I$(top_srcdir)/src/preprocessors/flow/int-snort  -I$(top_srcdir)/src/preprocessors/HttpInspect/include -I$(top_srcdir)/src/preprocessors/Stream5 -I$(top_srcdir)/src/target-based'
INSTALL_DATA='${INSTALL} -m 644'
INSTALL_PROGRAM='${INSTALL}'
INSTALL_SCRIPT='${INSTALL}'
INSTALL_STRIP_PROGRAM='$(install_sh) -c -s'
LDFLAGS=' -L/usr/local/lib -lpcre'
LEX='flex'
LIBOBJS=''
LIBPRELUDE_CFLAGS=''
LIBPRELUDE_CONFIG=''
LIBPRELUDE_CONFIG_PREFIX=''
LIBPRELUDE_LDFLAGS=''
LIBPRELUDE_LIBS=''
LIBPRELUDE_PREFIX=''
LIBPRELUDE_PTHREAD_CFLAGS=''
LIBS='-ldl -lpcre -lpcap -lm -lnsl  -ldl'
LIBTOOL='$(SHELL) $(top_builddir)/libtool'
LN_S='ln -s'
LTLIBOBJS=''
MAINT='#'
MAINTAINER_MODE_FALSE=''
MAINTAINER_MODE_TRUE='#'
MAKEINFO='${SHELL} /home/ljl/test/snort-2.8.3.1/missing --run makeinfo'
OBJEXT='o'
PACKAGE='snort'
PACKAGE_BUGREPORT=''
PACKAGE_NAME=''
PACKAGE_STRING=''
PACKAGE_TARNAME=''
PACKAGE_VERSION=''
PATH_SEPARATOR=':'
RANLIB='ranlib'
SED='/bin/sed'
SET_MAKE=''
SHELL='/bin/sh'
STRIP='strip'
VERSION='2.8.3.1'
YACC='bison -y'
ac_ct_CC='gcc'
ac_ct_CXX='g++'
ac_ct_F77=''
am__fastdepCC_FALSE='#'
am__fastdepCC_TRUE=''
am__fastdepCXX_FALSE='#'
am__fastdepCXX_TRUE=''
am__include='include'
am__isrc=''
am__leading_dot='.'
am__quote=''
am__tar='${AMTAR} chof - "$$tardir"'
am__untar='${AMTAR} xf -'
bindir='${exec_prefix}/bin'
build='x86_64-unknown-linux-gnu'
build_alias=''
build_cpu='x86_64'
build_os='linux-gnu'
build_vendor='unknown'
datadir='${datarootdir}'
datarootdir='${prefix}/share'
docdir='${datarootdir}/doc/${PACKAGE}'
dvidir='${docdir}'
exec_prefix='${prefix}'
extra_incl='-I/usr/include/pcap'
host='x86_64-unknown-linux-gnu'
host_alias=''
host_cpu='x86_64'
host_os='linux-gnu'
host_vendor='unknown'
htmldir='${docdir}'
includedir='${prefix}/include'
infodir='${datarootdir}/info'
install_sh='$(SHELL) /home/ljl/test/snort-2.8.3.1/install-sh'
libdir='${exec_prefix}/lib'
libexecdir='${exec_prefix}/libexec'
localedir='${datarootdir}/locale'
localstatedir='${prefix}/var'
mandir='${datarootdir}/man'
mkdir_p='/bin/mkdir -p'
oldincludedir='/usr/include'
pdfdir='${docdir}'
prefix='/usr/local'
program_transform_name='s,x,x,'
psdir='${docdir}'
sbindir='${exec_prefix}/sbin'
sharedstatedir='${prefix}/com'
sysconfdir='${prefix}/etc'
target_alias=''

## ----------- ##
## confdefs.h. ##
## ----------- ##

#define PACKAGE_NAME ""
#define PACKAGE_TARNAME ""
#define PACKAGE_VERSION ""
#define PACKAGE_STRING ""
#define PACKAGE_BUGREPORT ""
#define PACKAGE "snort"
#define VERSION "2.8.3.1"
#define STDC_HEADERS 1
#define HAVE_SYS_TYPES_H 1
#define HAVE_SYS_STAT_H 1
#define HAVE_STDLIB_H 1
#define HAVE_STRING_H 1
#define HAVE_MEMORY_H 1
#define HAVE_STRINGS_H 1
#define HAVE_INTTYPES_H 1
#define HAVE_STDINT_H 1
#define HAVE_UNISTD_H 1
#define HAVE_DLFCN_H 1
#define LINUX
#define PCAP_TIMEOUT_IGNORED
#define HAVE_STRINGS_H 1
#define HAVE_STRING_H 1
#define HAVE_STDLIB_H 1
#define HAVE_UNISTD_H 1
#define HAVE_PATHS_H 1
#define HAVE_INTTYPES_H 1
#define HAVE_WCHAR_H 1
#define HAVE_LIBNSL 1
#define HAVE_SNPRINTF 1
#define HAVE_STRERROR 1
#define HAVE_VSWPRINTF 1
#define HAVE_WPRINTF 1
#define ULONGIS64BIT
#define ERRLIST_PREDEFINED
#define HAVE___FUNCTION__ 1
#define HAVE_LIBM 1
#define HAVE_LIBPCAP 1
#define LIBPCAP_ACCUMULATES
#define HAVE_PCRE_H 1
#define HAVE_LIBPCRE 1
#define HAVE_LIBDL 1

configure: exit 0
